<?xml version="1.0" encoding="UTF-8"?>
<testng-results ignored="0" total="2" passed="2" failed="0" skipped="0">
  <reporter-output>
  </reporter-output>
  <suite started-at="2023-09-28T14:02:55 IST" name="Suite" finished-at="2023-09-28T14:04:27 IST" duration-ms="91728">
    <groups>
    </groups>
    <test started-at="2023-09-28T14:02:55 IST" name="Test" finished-at="2023-09-28T14:04:27 IST" duration-ms="91728">
      <class name="morningautomation.DragandDrop">
        <test-method signature="drag()[pri:0, instance:morningautomation.DragandDrop@293a5bf6]" started-at="2023-09-28T14:02:55 IST" name="drag" finished-at="2023-09-28T14:04:27 IST" duration-ms="91642" status="PASS">
          <reporter-output>
          </reporter-output>
        </test-method> <!-- drag -->
      </class> <!-- morningautomation.DragandDrop -->
      <class name="OtherPrograms.HandlingTab">
        <test-method signature="handlingTab()[pri:0, instance:OtherPrograms.HandlingTab@2a3b5b47]" started-at="2023-09-28T14:02:55 IST" name="handlingTab" finished-at="2023-09-28T14:03:17 IST" duration-ms="22210" status="PASS">
          <reporter-output>
          </reporter-output>
        </test-method> <!-- handlingTab -->
      </class> <!-- OtherPrograms.HandlingTab -->
    </test> <!-- Test -->
  </suite> <!-- Suite -->
</testng-results>
